\BOOKMARK [0][-]{title.0}{封面}{}% 1
\BOOKMARK [0][-]{chapter*.1}{摘要}{}% 2
\BOOKMARK [0][-]{chapter*.2}{ABSTRACT}{}% 3
\BOOKMARK [0][-]{toc.0}{目录}{}% 4
\BOOKMARK [0][-]{chapter.1}{引言}{}% 5
\BOOKMARK [1][-]{section.1.1}{模板结构}{chapter.1}% 6
\BOOKMARK [1][-]{section.1.2}{使用步骤}{chapter.1}% 7
\BOOKMARK [1][-]{section.1.3}{编译方法}{chapter.1}% 8
\BOOKMARK [1][-]{section.1.4}{文档类型选择}{chapter.1}% 9
\BOOKMARK [1][-]{section.1.5}{打印的问题}{chapter.1}% 10
\BOOKMARK [0][-]{chapter.2}{其他操作}{}% 11
\BOOKMARK [1][-]{section.2.1}{字体调节}{chapter.2}% 12
\BOOKMARK [1][-]{section.2.2}{字号调节}{chapter.2}% 13
\BOOKMARK [1][-]{section.2.3}{列表的使用}{chapter.2}% 14
\BOOKMARK [1][-]{section.2.4}{标点符号的问题}{chapter.2}% 15
\BOOKMARK [1][-]{section.2.5}{引用的问题}{chapter.2}% 16
\BOOKMARK [2][-]{subsection.2.5.1}{参考文献的引用}{section.2.5}% 17
\BOOKMARK [2][-]{subsection.2.5.2}{定理和公式的引用}{section.2.5}% 18
\BOOKMARK [1][-]{section.2.6}{图的使用}{chapter.2}% 19
\BOOKMARK [2][-]{subsection.2.6.1}{单图排版}{section.2.6}% 20
\BOOKMARK [2][-]{subsection.2.6.2}{双图排版}{section.2.6}% 21
\BOOKMARK [1][-]{section.2.7}{表的使用}{chapter.2}% 22
\BOOKMARK [0][-]{chapter.3}{更新记录}{}% 23
\BOOKMARK [0][-]{section*.8}{参考文献}{}% 24
\BOOKMARK [0][-]{chapter*.10}{致谢}{}% 25
\BOOKMARK [0][-]{appendix.A}{测试}{}% 26
\BOOKMARK [1][-]{section.A.1}{第一个测试}{appendix.A}% 27
\BOOKMARK [0][-]{appendix.B}{附录测试}{}% 28
\BOOKMARK [0][-]{appendix.C}{附录测试}{}% 29
